  TextureRenderShader.cpp
  PostProcessor.cpp
e:\engines\d3d_template\d3d_template\postprocessor.cpp(23): warning C4305: 'argument': truncation from 'double' to 'float'
e:\engines\d3d_template\d3d_template\postprocessor.cpp(30): warning C4305: 'argument': truncation from 'double' to 'float'
e:\engines\d3d_template\d3d_template\postprocessor.cpp(37): warning C4305: 'argument': truncation from 'double' to 'float'
e:\engines\d3d_template\d3d_template\postprocessor.cpp(44): warning C4305: 'argument': truncation from 'double' to 'float'
e:\engines\d3d_template\d3d_template\postprocessor.cpp(51): warning C4305: 'argument': truncation from 'double' to 'float'
e:\engines\d3d_template\d3d_template\postprocessor.cpp(58): warning C4305: 'argument': truncation from 'double' to 'float'
e:\engines\d3d_template\d3d_template\postprocessor.cpp(75): warning C4305: 'argument': truncation from 'double' to 'float'
e:\engines\d3d_template\d3d_template\postprocessor.cpp(82): warning C4305: 'argument': truncation from 'double' to 'float'
e:\engines\d3d_template\d3d_template\postprocessor.cpp(89): warning C4305: 'argument': truncation from 'double' to 'float'
e:\engines\d3d_template\d3d_template\postprocessor.cpp(96): warning C4305: 'argument': truncation from 'double' to 'float'
e:\engines\d3d_template\d3d_template\postprocessor.cpp(131): warning C4244: 'argument': conversion from 'int' to 'float', possible loss of data
e:\engines\d3d_template\d3d_template\postprocessor.cpp(146): warning C4244: 'argument': conversion from 'int' to 'float', possible loss of data
e:\engines\d3d_template\d3d_template\postprocessor.cpp(161): warning C4244: 'argument': conversion from 'int' to 'float', possible loss of data
e:\engines\d3d_template\d3d_template\postprocessor.cpp(179): warning C4244: 'argument': conversion from 'int' to 'float', possible loss of data
e:\engines\d3d_template\d3d_template\postprocessor.cpp(199): warning C4244: 'argument': conversion from 'int' to 'float', possible loss of data
e:\engines\d3d_template\d3d_template\postprocessor.cpp(216): warning C4244: 'argument': conversion from 'int' to 'float', possible loss of data
e:\engines\d3d_template\d3d_template\postprocessor.cpp(231): warning C4244: 'argument': conversion from 'int' to 'float', possible loss of data
e:\engines\d3d_template\d3d_template\postprocessor.cpp(254): warning C4244: 'argument': conversion from 'int' to 'float', possible loss of data
e:\engines\d3d_template\d3d_template\postprocessor.cpp(293): warning C4244: 'argument': conversion from 'int' to 'float', possible loss of data
e:\engines\d3d_template\d3d_template\postprocessor.cpp(307): warning C4244: 'argument': conversion from 'int' to 'float', possible loss of data
e:\engines\d3d_template\d3d_template\postprocessor.cpp(339): warning C4244: 'argument': conversion from 'int' to 'float', possible loss of data
e:\engines\d3d_template\d3d_template\postprocessor.cpp(354): warning C4244: 'argument': conversion from 'int' to 'float', possible loss of data
e:\engines\d3d_template\d3d_template\postprocessor.cpp(393): warning C4244: 'argument': conversion from 'double' to 'float', possible loss of data
  Generating Code...
  D3D_Template.vcxproj -> E:\Engines\D3D_Template\x64\Debug\D3D_Template.exe
