d:\graphics-programming\d3d_template\d3d_template\x64\debug\d3d_template.pch
d:\graphics-programming\d3d_template\d3d_template\x64\debug\vc140.pdb
d:\graphics-programming\d3d_template\d3d_template\x64\debug\vc140.idb
d:\graphics-programming\d3d_template\d3d_template\x64\debug\stdafx.obj
d:\graphics-programming\d3d_template\d3d_template\x64\debug\actor.obj
d:\graphics-programming\d3d_template\d3d_template\x64\debug\d3d_template.obj
d:\graphics-programming\d3d_template\d3d_template\x64\debug\deferredbufferclass.obj
d:\graphics-programming\d3d_template\d3d_template\x64\debug\deferredshader.obj
d:\graphics-programming\d3d_template\d3d_template\x64\debug\deviceclass.obj
d:\graphics-programming\d3d_template\d3d_template\x64\debug\freecamera.obj
d:\graphics-programming\d3d_template\d3d_template\x64\debug\lightshader.obj
d:\graphics-programming\d3d_template\d3d_template\x64\debug\mesh.obj
d:\graphics-programming\d3d_template\d3d_template\x64\debug\model.obj
d:\graphics-programming\d3d_template\d3d_template\x64\debug\orthowindow.obj
d:\graphics-programming\d3d_template\d3d_template\x64\debug\rendertotexture.obj
d:\graphics-programming\d3d_template\d3d_template\x64\debug\texturerendershader.obj
d:\graphics-programming\d3d_template\d3d_template\x64\debug\textureta.obj
d:\graphics-programming\d3d_template\d3d_template\x64\debug\timer.obj
d:\graphics-programming\d3d_template\d3d_template\x64\debug\tinytext.obj
d:\graphics-programming\d3d_template\d3d_template\x64\debug\sceneclass.obj
d:\graphics-programming\d3d_template\d3d_template\x64\debug\graphicsengine.obj
d:\graphics-programming\d3d_template\d3d_template\x64\debug\tcpclass.obj
d:\graphics-programming\d3d_template\d3d_template\x64\debug\shadowmaprendertarget.obj
d:\graphics-programming\d3d_template\d3d_template\x64\debug\depthshader.obj
d:\graphics-programming\d3d_template\d3d_template\x64\debug\antui.obj
d:\graphics-programming\d3d_template\d3d_template\x64\debug\skydome.obj
d:\graphics-programming\d3d_template\d3d_template\x64\debug\skydomeshader.obj
d:\graphics-programming\d3d_template\d3d_template\x64\debug\cubemap.obj
d:\graphics-programming\d3d_template\x64\debug\d3d_template.ilk
d:\graphics-programming\d3d_template\x64\debug\d3d_template.exe
d:\graphics-programming\d3d_template\x64\debug\d3d_template.pdb
d:\graphics-programming\d3d_template\d3d_template\x64\debug\d3d_template.res
d:\graphics-programming\d3d_template\d3d_template\x64\debug\d3d_template.tlog\cl.command.1.tlog
d:\graphics-programming\d3d_template\d3d_template\x64\debug\d3d_template.tlog\cl.read.1.tlog
d:\graphics-programming\d3d_template\d3d_template\x64\debug\d3d_template.tlog\cl.write.1.tlog
d:\graphics-programming\d3d_template\d3d_template\x64\debug\d3d_template.tlog\d3d_template.write.1u.tlog
d:\graphics-programming\d3d_template\d3d_template\x64\debug\d3d_template.tlog\fxc.command.1.tlog
d:\graphics-programming\d3d_template\d3d_template\x64\debug\d3d_template.tlog\fxc.read.1.tlog
d:\graphics-programming\d3d_template\d3d_template\x64\debug\d3d_template.tlog\fxc.write.1.tlog
d:\graphics-programming\d3d_template\d3d_template\x64\debug\d3d_template.tlog\link.command.1.tlog
d:\graphics-programming\d3d_template\d3d_template\x64\debug\d3d_template.tlog\link.read.1.tlog
d:\graphics-programming\d3d_template\d3d_template\x64\debug\d3d_template.tlog\link.write.1.tlog
d:\graphics-programming\d3d_template\d3d_template\x64\debug\d3d_template.tlog\rc.command.1.tlog
d:\graphics-programming\d3d_template\d3d_template\x64\debug\d3d_template.tlog\rc.read.1.tlog
d:\graphics-programming\d3d_template\d3d_template\x64\debug\d3d_template.tlog\rc.write.1.tlog
